Determining if the pthread_create exist failed with the following output:
Change Dir: /home/alex/Documents/TerrainBuilder/CMakeFiles/CMakeTmp

Run Build Command:"/usr/bin/make" "cmTC_5a4b6/fast"
/usr/bin/make -f CMakeFiles/cmTC_5a4b6.dir/build.make CMakeFiles/cmTC_5a4b6.dir/build
make[1]: Entering directory '/home/alex/Documents/TerrainBuilder/CMakeFiles/CMakeTmp'
Building C object CMakeFiles/cmTC_5a4b6.dir/CheckSymbolExists.c.o
/usr/bin/cc     -o CMakeFiles/cmTC_5a4b6.dir/CheckSymbolExists.c.o   -c /home/alex/Documents/TerrainBuilder/CMakeFiles/CMakeTmp/CheckSymbolExists.c
Linking C executable cmTC_5a4b6
/usr/bin/cmake -E cmake_link_script CMakeFiles/cmTC_5a4b6.dir/link.txt --verbose=1
/usr/bin/cc       CMakeFiles/cmTC_5a4b6.dir/CheckSymbolExists.c.o  -o cmTC_5a4b6 -rdynamic 
CMakeFiles/cmTC_5a4b6.dir/CheckSymbolExists.c.o: In function `main':
CheckSymbolExists.c:(.text+0x16): undefined reference to `pthread_create'
collect2: error: ld returned 1 exit status
CMakeFiles/cmTC_5a4b6.dir/build.make:97: recipe for target 'cmTC_5a4b6' failed
make[1]: *** [cmTC_5a4b6] Error 1
make[1]: Leaving directory '/home/alex/Documents/TerrainBuilder/CMakeFiles/CMakeTmp'
Makefile:126: recipe for target 'cmTC_5a4b6/fast' failed
make: *** [cmTC_5a4b6/fast] Error 2

File /home/alex/Documents/TerrainBuilder/CMakeFiles/CMakeTmp/CheckSymbolExists.c:
/* */
#include <pthread.h>

int main(int argc, char** argv)
{
  (void)argv;
#ifndef pthread_create
  return ((int*)(&pthread_create))[argc];
#else
  (void)argc;
  return 0;
#endif
}

Determining if the function pthread_create exists in the pthreads failed with the following output:
Change Dir: /home/alex/Documents/TerrainBuilder/CMakeFiles/CMakeTmp

Run Build Command:"/usr/bin/make" "cmTC_e4f6c/fast"
/usr/bin/make -f CMakeFiles/cmTC_e4f6c.dir/build.make CMakeFiles/cmTC_e4f6c.dir/build
make[1]: Entering directory '/home/alex/Documents/TerrainBuilder/CMakeFiles/CMakeTmp'
Building C object CMakeFiles/cmTC_e4f6c.dir/CheckFunctionExists.c.o
/usr/bin/cc    -DCHECK_FUNCTION_EXISTS=pthread_create   -o CMakeFiles/cmTC_e4f6c.dir/CheckFunctionExists.c.o   -c /usr/share/cmake-3.5/Modules/CheckFunctionExists.c
Linking C executable cmTC_e4f6c
/usr/bin/cmake -E cmake_link_script CMakeFiles/cmTC_e4f6c.dir/link.txt --verbose=1
/usr/bin/cc   -DCHECK_FUNCTION_EXISTS=pthread_create    CMakeFiles/cmTC_e4f6c.dir/CheckFunctionExists.c.o  -o cmTC_e4f6c -rdynamic -lpthreads 
/usr/bin/ld: cannot find -lpthreads
collect2: error: ld returned 1 exit status
CMakeFiles/cmTC_e4f6c.dir/build.make:97: recipe for target 'cmTC_e4f6c' failed
make[1]: *** [cmTC_e4f6c] Error 1
make[1]: Leaving directory '/home/alex/Documents/TerrainBuilder/CMakeFiles/CMakeTmp'
Makefile:126: recipe for target 'cmTC_e4f6c/fast' failed
make: *** [cmTC_e4f6c/fast] Error 2


Determining if the pthread_create exist failed with the following output:
Change Dir: /home/alex/Documents/TerrainBuilder/CMakeFiles/CMakeTmp

Run Build Command:"/usr/bin/make" "cmTC_82bb7/fast"
/usr/bin/make -f CMakeFiles/cmTC_82bb7.dir/build.make CMakeFiles/cmTC_82bb7.dir/build
make[1]: Entering directory '/home/alex/Documents/TerrainBuilder/CMakeFiles/CMakeTmp'
Building C object CMakeFiles/cmTC_82bb7.dir/CheckSymbolExists.c.o
/usr/bin/cc     -o CMakeFiles/cmTC_82bb7.dir/CheckSymbolExists.c.o   -c /home/alex/Documents/TerrainBuilder/CMakeFiles/CMakeTmp/CheckSymbolExists.c
Linking C executable cmTC_82bb7
/usr/bin/cmake -E cmake_link_script CMakeFiles/cmTC_82bb7.dir/link.txt --verbose=1
/usr/bin/cc       CMakeFiles/cmTC_82bb7.dir/CheckSymbolExists.c.o  -o cmTC_82bb7 -rdynamic 
CMakeFiles/cmTC_82bb7.dir/CheckSymbolExists.c.o: In function `main':
CheckSymbolExists.c:(.text+0x16): undefined reference to `pthread_create'
collect2: error: ld returned 1 exit status
CMakeFiles/cmTC_82bb7.dir/build.make:97: recipe for target 'cmTC_82bb7' failed
make[1]: *** [cmTC_82bb7] Error 1
make[1]: Leaving directory '/home/alex/Documents/TerrainBuilder/CMakeFiles/CMakeTmp'
Makefile:126: recipe for target 'cmTC_82bb7/fast' failed
make: *** [cmTC_82bb7/fast] Error 2

File /home/alex/Documents/TerrainBuilder/CMakeFiles/CMakeTmp/CheckSymbolExists.c:
/* */
#include <pthread.h>

int main(int argc, char** argv)
{
  (void)argv;
#ifndef pthread_create
  return ((int*)(&pthread_create))[argc];
#else
  (void)argc;
  return 0;
#endif
}

Determining if the function pthread_create exists in the pthreads failed with the following output:
Change Dir: /home/alex/Documents/TerrainBuilder/CMakeFiles/CMakeTmp

Run Build Command:"/usr/bin/make" "cmTC_24d28/fast"
/usr/bin/make -f CMakeFiles/cmTC_24d28.dir/build.make CMakeFiles/cmTC_24d28.dir/build
make[1]: Entering directory '/home/alex/Documents/TerrainBuilder/CMakeFiles/CMakeTmp'
Building C object CMakeFiles/cmTC_24d28.dir/CheckFunctionExists.c.o
/usr/bin/cc    -DCHECK_FUNCTION_EXISTS=pthread_create   -o CMakeFiles/cmTC_24d28.dir/CheckFunctionExists.c.o   -c /usr/share/cmake-3.5/Modules/CheckFunctionExists.c
Linking C executable cmTC_24d28
/usr/bin/cmake -E cmake_link_script CMakeFiles/cmTC_24d28.dir/link.txt --verbose=1
/usr/bin/cc   -DCHECK_FUNCTION_EXISTS=pthread_create    CMakeFiles/cmTC_24d28.dir/CheckFunctionExists.c.o  -o cmTC_24d28 -rdynamic -lpthreads 
/usr/bin/ld: cannot find -lpthreads
collect2: error: ld returned 1 exit status
CMakeFiles/cmTC_24d28.dir/build.make:97: recipe for target 'cmTC_24d28' failed
make[1]: *** [cmTC_24d28] Error 1
make[1]: Leaving directory '/home/alex/Documents/TerrainBuilder/CMakeFiles/CMakeTmp'
Makefile:126: recipe for target 'cmTC_24d28/fast' failed
make: *** [cmTC_24d28/fast] Error 2


